<?xml version="1.0" encoding="UTF-8"?>
<!-- Generated by org.testng.reporters.JUnitReportReporter -->
<testsuite hostname="LAPTOP-DRFIMEHR" failures="0" tests="1" name="runner.TestRunner" time="12.318" errors="0" timestamp="2025-09-08T15:35:29 IST" skipped="0">
  <testcase classname="runner.TestRunner" name="runScenario" time="12.318"/>
</testsuite> <!-- runner.TestRunner -->
