<?xml version="1.0" encoding="UTF-8"?>
<!-- Generated by org.testng.reporters.JUnitReportReporter -->
<testsuite hostname="LAPTOP-DRFIMEHR" failures="0" tests="2" name="tests.RegExcel" time="29.203" errors="0" timestamp="2025-09-08T12:45:44 IST" skipped="0">
  <testcase classname="tests.RegExcel" name="signupTest" time="14.642"/>
  <testcase classname="tests.RegExcel" name="signupTest" time="14.561"/>
</testsuite> <!-- tests.RegExcel -->
