<?xml version="1.0" encoding="UTF-8"?>
<!-- Generated by org.testng.reporters.JUnitReportReporter -->
<testsuite hostname="LAPTOP-DRFIMEHR" failures="0" tests="2" name="runner.TestRunner1" time="10.846" errors="0" timestamp="2025-08-21T16:04:03 IST" skipped="0">
  <testcase classname="runner.TestRunner1" name="runScenario" time="4.730"/>
  <testcase classname="runner.TestRunner1" name="runScenario" time="6.116"/>
</testsuite> <!-- runner.TestRunner1 -->
