<?xml version="1.0" encoding="UTF-8"?>
<!-- Generated by org.testng.reporters.JUnitReportReporter -->
<testsuite hostname="LAPTOP-DRFIMEHR" failures="0" tests="4" name="runner.TestRunner" time="15.319" errors="0" timestamp="2025-08-21T11:31:11 IST" skipped="0">
  <testcase classname="runner.TestRunner" name="runScenario" time="4.058"/>
  <testcase classname="runner.TestRunner" name="runScenario" time="3.528"/>
  <testcase classname="runner.TestRunner" name="runScenario" time="4.057"/>
  <testcase classname="runner.TestRunner" name="runScenario" time="3.676"/>
</testsuite> <!-- runner.TestRunner -->
